
T0F50 1201:977 SEGGER J-Link V5.10d Log File (0000ms, 0282ms total)
T0F50 1201:977 DLL Compiled: Dec  9 2015 12:49:14 (0000ms, 0282ms total)
T0F50 1201:977 Logging started @ 2016-04-29 23:37 (0000ms, 0282ms total)
T0F50 1201:984 JLINK_ExecCommand("Device = ATSAMD21G18A", ...)Device "ATSAMD21G18" selected.  returns 0x00 (0000ms, 0282ms total)
T0F50 1202:008 JLINK_ExecCommand("device = ATSAMD21G18A", ...)Device "ATSAMD21G18" selected.  returns 0x00 (0000ms, 0282ms total)
T0F50 1202:008 JLINK_GetHWStatus(...)  returns 0x00 (0000ms, 0282ms total)
T0F50 1202:008 JLINK_ClrRESET() (0001ms, 0283ms total)
T0F50 1202:009 JLINK_SetRESET() (0000ms, 0283ms total)
T0F50 1202:009 JLINK_ClrRESET() (0000ms, 0283ms total)
T0F50 1202:009 JLINK_ClrTCK()  returns 0x00 (0000ms, 0283ms total)
T0F50 1202:009 JLINK_SetRESET() (0000ms, 0283ms total)
T0F50 1202:009 JLINK_Clock()  returns 0x00 (0001ms, 0284ms total)
T0F50 1202:010 JLINK_TIF_Select(JLINKARM_TIF_SWD)  returns 0x00 (0000ms, 0284ms total)
T0F50 1202:010 JLINK_SetSpeed(50) (0000ms, 0284ms total)
T0F50 1202:010 JLINK_JTAG_StoreRaw(..., 0x108 Bits)  returns 0x00 (0000ms, 0284ms total)
T0F50 1202:010 JLINK_JTAG_GetU32(BitPos = 227) >0x108 TIF>  returns 0x0BC11477 (0006ms, 0290ms total)
T0F50 1202:016 JLINK_JTAG_StoreRaw(..., 0x08 Bits)  returns 0x00 (0000ms, 0290ms total)
T0F50 1202:016 JLINK_JTAG_StoreRaw(..., 0x03 Bits)  returns 0x08 (0000ms, 0290ms total)
T0F50 1202:016 JLINK_JTAG_StoreRaw(..., 0x28 Bits)  returns 0x0B (0000ms, 0290ms total)
T0F50 1202:016 JLINK_JTAG_GetU8(BitPos = 8) >0x33 TIF>  returns 0xB9 (0001ms, 0291ms total)
T0F50 1202:017 JLINK_JTAG_GetU32(BitPos = 11)  returns 0x0BC11477 (0000ms, 0291ms total)
T0F50 1202:017 JLINK_JTAG_GetU8(BitPos = 43)  returns 0x02 (0000ms, 0291ms total)
T0F50 1202:017 JLINK_JTAG_StoreRaw(..., 0x08 Bits)  returns 0x00 (0000ms, 0291ms total)
T0F50 1202:017 JLINK_JTAG_StoreRaw(..., 0x03 Bits)  returns 0x08 (0001ms, 0292ms total)
T0F50 1202:018 JLINK_JTAG_StoreRaw(..., 0x28 Bits)  returns 0x0B (0000ms, 0292ms total)
T0F50 1202:018 JLINK_JTAG_GetU8(BitPos = 8) >0x33 TIF>  returns 0x01 (0001ms, 0293ms total)
T0F50 1202:019 JLINK_JTAG_GetU32(BitPos = 11)  returns 0x00000000 (0000ms, 0293ms total)
T0F50 1202:019 JLINK_JTAG_GetU8(BitPos = 43)  returns 0x02 (0000ms, 0293ms total)
T0F50 1202:019 JLINK_JTAG_StoreRaw(..., 0x08 Bits)  returns 0x00 (0000ms, 0293ms total)
T0F50 1202:019 JLINK_JTAG_StoreRaw(..., 0x03 Bits)  returns 0x08 (0000ms, 0293ms total)
T0F50 1202:019 JLINK_JTAG_StoreRaw(..., 0x02 Bits)  returns 0x0B (0000ms, 0293ms total)
T0F50 1202:019 JLINK_JTAG_StoreRaw(..., 0x28 Bits)  returns 0x0D (0000ms, 0293ms total)
T0F50 1202:019 JLINK_JTAG_GetU8(BitPos = 8) >0x35 TIF>  returns 0x39 (0001ms, 0294ms total)
T0F50 1202:020 JLINK_JTAG_StoreRaw(..., 0x08 Bits)  returns 0x00 (0000ms, 0294ms total)
T0F50 1202:020 JLINK_JTAG_StoreRaw(..., 0x03 Bits)  returns 0x08 (0000ms, 0294ms total)
T0F50 1202:020 JLINK_JTAG_StoreRaw(..., 0x28 Bits)  returns 0x0B (0000ms, 0294ms total)
T0F50 1202:020 JLINK_JTAG_GetU8(BitPos = 8) >0x33 TIF>  returns 0x09 (0001ms, 0295ms total)
T0F50 1202:021 JLINK_JTAG_GetU32(BitPos = 11)  returns 0xF0000001 (0000ms, 0295ms total)
T0F50 1202:021 JLINK_JTAG_GetU8(BitPos = 43)  returns 0x03 (0000ms, 0295ms total)
T0F50 1202:022 JLINK_WriteMem(0x41002100, 0x0001 Bytes, ...) - Data: 10 >0x108 TIF>Found SWD-DP with ID 0x0BC11477 >0x0D TIF> >0x28 TIF> >0x0D TIF> >0x28 TIF> >0x0D TIF> >0x28 TIF> >0x0D TIF> >0x28 TIF> >0x0D TIF> >0x21 TIF> >0x0D TIF> >0x28 TIF> >0x0D TIF> >0x28 TIF> >0x0D TIF> >0x28 TIF> >0x0D TIF> >0x21 TIF> >0x0D TIF> >0x21 TIF> >0x0D TIF> >0x28 TIF> >0x0D TIF> >0x28 TIF> >0x0D TIF> >0x28 TIF> >0x0D TIF> >0x28 TIF> >0x0D TIF> >0x28 TIF> >0x0D TIF> >0x28 TIF> >0x0D TIF> >0x21 TIF> >0x0D TIF>
 >0x21 TIF> >0x0D TIF> >0x28 TIF> >0x0D TIF> >0x28 TIF> >0x108 TIF>Found SWD-DP with ID 0x0BC11477 >0x0D TIF> >0x28 TIF> >0x0D TIF> >0x28 TIF> >0x0D TIF> >0x28 TIF> >0x0D TIF> >0x28 TIF> >0x0D TIF> >0x21 TIF> >0x0D TIF> >0x28 TIF> >0x0D TIF> >0x28 TIF> >0x0D TIF> >0x21 TIF> >0x0D TIF> >0x21 TIF> >0x0D TIF> >0x21 TIF> >0x0D TIF> >0x28 TIF> >0x0D TIF> >0x28 TIF> >0x0D TIF> >0x28 TIF> >0x0D TIF> >0x21 TIF> >0x0D TIF> >0x21 TIF> >0x0D TIF> >0x28 TIF> >0x0D TIF> >0x21 TIF> >0x0D TIF> >0x21 TIF>
Found Cortex-M0 r0p1, Little endian. -- CPU_ReadMem(4 bytes @ 0xE000EDF0) -- CPU_ReadMem(4 bytes @ 0xE0002000)FPUnit: 4 code (BP) slots and 0 literal slots -- CPU_ReadMem(4 bytes @ 0xE000EDFC) -- CPU_ReadMem(4 bytes @ 0xE0001000) -- CPU_WriteMem(4 bytes @ 0xE0001000)CoreSight components:ROMTbl 0 @ 41003000 -- CPU_ReadMem(16 bytes @ 0x41003000) -- CPU_ReadMem(16 bytes @ 0xE00FFFF0) -- CPU_ReadMem(16 bytes @ 0xE00FFFE0)ROMTbl 0 [0]: 9F0FC000, CID: B105100D, PID: 000BB4C0 ROM TableROMTbl 1 @ E00FF000
 -- CPU_ReadMem(16 bytes @ 0xE00FF000) -- CPU_ReadMem(16 bytes @ 0xE000EFF0) -- CPU_ReadMem(16 bytes @ 0xE000EFE0)ROMTbl 1 [0]: FFF0F000, CID: B105E00D, PID: 000BB008 SCS -- CPU_ReadMem(16 bytes @ 0xE0001FF0) -- CPU_ReadMem(16 bytes @ 0xE0001FE0)ROMTbl 1 [1]: FFF02000, CID: B105E00D, PID: 000BB00A DWT -- CPU_ReadMem(16 bytes @ 0xE0002FF0) -- CPU_ReadMem(16 bytes @ 0xE0002FE0)ROMTbl 1 [2]: FFF03000, CID: B105E00D, PID: 000BB00B FPB -- CPU_ReadMem(16 bytes @ 0x41006FF0)
 -- CPU_ReadMem(16 bytes @ 0x41006FE0)ROMTbl 0 [1]: 00003000, CID: B105900D, PID: 001BB932 MTB-M0+ -- CPU is running -- CPU_WriteMem(1 bytes @ 0x41002100)  returns 0x01 (0210ms, 0505ms total)
T0F50 1202:232 JLINK_ReadMem (0x41002101, 0x0001 Bytes, ...) -- CPU is running -- CPU_ReadMem(1 bytes @ 0x41002101) - Data: 00  returns 0x00 (0006ms, 0511ms total)
T0F50 1202:439 JLINK_ReadMem (0x41002101, 0x0001 Bytes, ...) -- CPU is running -- CPU_ReadMem(1 bytes @ 0x41002101) - Data: 01  returns 0x00 (0005ms, 0516ms total)
T0F50 1202:444 JLINK_ExecCommand("ProjectFile = E:\faculta\cercetare_2016\arduino\zero-bootloader for SAMR21G18A\jlink.config", ...)  returns 0x00 (0000ms, 0516ms total)
T0F50 1202:451 JLINK_ExecCommand("Device = ATSAMD21G18A", ...)Device "ATSAMD21G18" selected.  returns 0x00 (0002ms, 0518ms total)
T0F50 1202:453 JLINK_TIF_Select(JLINKARM_TIF_SWD)  returns 0x00 (0000ms, 0518ms total)
T0F50 1202:453 JLINK_SetSpeed(4000) (0000ms, 0518ms total)
T0F50 1202:453 JLINK_ResetPullsRESET(OFF) (0000ms, 0518ms total)
T0F50 1202:453 JLINK_Connect() >0x108 TIF>Found SWD-DP with ID 0x0BC11477 >0x0D TIF> >0x28 TIF> >0x0D TIF> >0x28 TIF> >0x0D TIF> >0x28 TIF> >0x0D TIF> >0x28 TIF> >0x0D TIF> >0x21 TIF> >0x0D TIF> >0x28 TIF> >0x0D TIF> >0x28 TIF> >0x0D TIF> >0x28 TIF> >0x0D TIF> >0x21 TIF> >0x0D TIF> >0x21 TIF> >0x108 TIF>Found SWD-DP with ID 0x0BC11477 >0x0D TIF> >0x28 TIF> >0x0D TIF> >0x28 TIF> >0x0D TIF> >0x28 TIF> >0x0D TIF> >0x28 TIF> >0x0D TIF> >0x21 TIF> >0x0D TIF> >0x28 TIF> >0x0D TIF> >0x28 TIF> >0x0D TIF>
 >0x21 TIF> >0x0D TIF> >0x21 TIF> >0x0D TIF> >0x21 TIF> >0x0D TIF> >0x28 TIF> >0x0D TIF> >0x28 TIF> >0x0D TIF> >0x28 TIF> >0x0D TIF> >0x21 TIF> >0x0D TIF> >0x21 TIF> >0x0D TIF> >0x28 TIF> >0x0D TIF> >0x21 TIF> >0x0D TIF> >0x21 TIF>Found Cortex-M0 r0p1, Little endian. -- CPU_ReadMem(4 bytes @ 0xE000EDF0) -- CPU_ReadMem(4 bytes @ 0xE0002000)FPUnit: 4 code (BP) slots and 0 literal slots -- CPU_ReadMem(4 bytes @ 0xE000EDFC) -- CPU_ReadMem(4 bytes @ 0xE0001000) -- CPU_WriteMem(4 bytes @ 0xE0001000)
CoreSight components:ROMTbl 0 @ 41003000 -- CPU_ReadMem(16 bytes @ 0x41003000) -- CPU_ReadMem(16 bytes @ 0xE00FFFF0) -- CPU_ReadMem(16 bytes @ 0xE00FFFE0)ROMTbl 0 [0]: 9F0FC000, CID: B105100D, PID: 000BB4C0 ROM TableROMTbl 1 @ E00FF000 -- CPU_ReadMem(16 bytes @ 0xE00FF000) -- CPU_ReadMem(16 bytes @ 0xE000EFF0) -- CPU_ReadMem(16 bytes @ 0xE000EFE0)ROMTbl 1 [0]: FFF0F000, CID: B105E00D, PID: 000BB008 SCS -- CPU_ReadMem(16 bytes @ 0xE0001FF0) -- CPU_ReadMem(16 bytes @ 0xE0001FE0)
ROMTbl 1 [1]: FFF02000, CID: B105E00D, PID: 000BB00A DWT -- CPU_ReadMem(16 bytes @ 0xE0002FF0) -- CPU_ReadMem(16 bytes @ 0xE0002FE0)ROMTbl 1 [2]: FFF03000, CID: B105E00D, PID: 000BB00B FPB -- CPU_ReadMem(16 bytes @ 0x41006FF0) -- CPU_ReadMem(16 bytes @ 0x41006FE0)ROMTbl 0 [1]: 00003000, CID: B105900D, PID: 001BB932 MTB-M0+  returns 0x00 (0029ms, 0547ms total)
T0F50 1202:482 JLINK_GetDebugInfo(0x100) -- Value=0x41003000  returns 0x00 (0000ms, 0547ms total)
T0F50 1202:482 JLINK_ReadMem (0x41003FF0, 0x0010 Bytes, ...) -- CPU is running -- CPU_ReadMem(16 bytes @ 0x41003FF0) - Data: 0D 00 00 00 10 00 00 00 05 00 00 00 B1 00 00 00  returns 0x00 (0001ms, 0548ms total)
T0F50 1202:483 JLINK_ReadMem (0x41003FD0, 0x0020 Bytes, ...) -- CPU is running -- CPU_ReadMem(32 bytes @ 0x41003FD0) - Data: 00 00 00 00 00 00 00 00 00 00 00 00 00 00 00 00 ...  returns 0x00 (0000ms, 0548ms total)
T0F50 1202:483 JLINK_ReadMemU32(0x41003000, 0x0001 Items, ...) -- CPU is running -- CPU_ReadMem(4 bytes @ 0x41003000) - Data: 03 C0 0F 9F  returns 0x01 (0001ms, 0549ms total)
T0F50 1202:484 JLINK_ReadMem (0xE00FFFF0, 0x0010 Bytes, ...) -- CPU is running -- CPU_ReadMem(16 bytes @ 0xE00FFFF0) - Data: 0D 00 00 00 10 00 00 00 05 00 00 00 B1 00 00 00  returns 0x00 (0000ms, 0549ms total)
T0F50 1202:484 JLINK_ReadMem (0xE00FFFD0, 0x0020 Bytes, ...) -- CPU is running -- CPU_ReadMem(32 bytes @ 0xE00FFFD0) - Data: 04 00 00 00 00 00 00 00 00 00 00 00 00 00 00 00 ...  returns 0x00 (0001ms, 0550ms total)
T0F50 1202:485 JLINK_ReadMemU32(0xE00FF000, 0x0001 Items, ...) -- CPU is running -- CPU_ReadMem(4 bytes @ 0xE00FF000) - Data: 03 F0 F0 FF  returns 0x01 (0001ms, 0551ms total)
T0F50 1202:486 JLINK_ReadMem (0xE000EFF0, 0x0010 Bytes, ...) -- CPU is running -- CPU_ReadMem(16 bytes @ 0xE000EFF0) - Data: 0D 00 00 00 E0 00 00 00 05 00 00 00 B1 00 00 00  returns 0x00 (0000ms, 0551ms total)
T0F50 1202:486 JLINK_ReadMem (0xE000EFD0, 0x0020 Bytes, ...) -- CPU is running -- CPU_ReadMem(32 bytes @ 0xE000EFD0) - Data: 04 00 00 00 00 00 00 00 00 00 00 00 00 00 00 00 ...  returns 0x00 (0001ms, 0552ms total)
T0F50 1202:487 JLINK_ReadMemU32(0xE00FF004, 0x0001 Items, ...) -- CPU is running -- CPU_ReadMem(4 bytes @ 0xE00FF004) - Data: 03 20 F0 FF  returns 0x01 (0000ms, 0552ms total)
T0F50 1202:487 JLINK_ReadMem (0xE0001FF0, 0x0010 Bytes, ...) -- CPU is running -- CPU_ReadMem(16 bytes @ 0xE0001FF0) - Data: 0D 00 00 00 E0 00 00 00 05 00 00 00 B1 00 00 00  returns 0x00 (0001ms, 0553ms total)
T0F50 1202:488 JLINK_ReadMem (0xE0001FD0, 0x0020 Bytes, ...) -- CPU is running -- CPU_ReadMem(32 bytes @ 0xE0001FD0) - Data: 04 00 00 00 00 00 00 00 00 00 00 00 00 00 00 00 ...  returns 0x00 (0000ms, 0553ms total)
T0F50 1202:488 JLINK_ReadMemU32(0xE00FF008, 0x0001 Items, ...) -- CPU is running -- CPU_ReadMem(4 bytes @ 0xE00FF008) - Data: 03 30 F0 FF  returns 0x01 (0000ms, 0553ms total)
T0F50 1202:488 JLINK_ReadMem (0xE0002FF0, 0x0010 Bytes, ...) -- CPU is running -- CPU_ReadMem(16 bytes @ 0xE0002FF0) - Data: 0D 00 00 00 E0 00 00 00 05 00 00 00 B1 00 00 00  returns 0x00 (0001ms, 0554ms total)
T0F50 1202:489 JLINK_ReadMem (0xE0002FD0, 0x0020 Bytes, ...) -- CPU is running -- CPU_ReadMem(32 bytes @ 0xE0002FD0) - Data: 04 00 00 00 00 00 00 00 00 00 00 00 00 00 00 00 ...  returns 0x00 (0000ms, 0554ms total)
T0F50 1202:489 JLINK_ReadMemU32(0xE00FF00C, 0x0001 Items, ...) -- CPU is running -- CPU_ReadMem(4 bytes @ 0xE00FF00C) - Data: 00 00 00 00  returns 0x01 (0001ms, 0555ms total)
T0F50 1202:490 JLINK_ReadMemU32(0x41003004, 0x0001 Items, ...) -- CPU is running -- CPU_ReadMem(4 bytes @ 0x41003004) - Data: 03 30 00 00  returns 0x01 (0000ms, 0555ms total)
T0F50 1202:490 JLINK_ReadMem (0x41006FF0, 0x0010 Bytes, ...) -- CPU is running -- CPU_ReadMem(16 bytes @ 0x41006FF0) - Data: 0D 00 00 00 90 00 00 00 05 00 00 00 B1 00 00 00  returns 0x00 (0001ms, 0556ms total)
T0F50 1202:491 JLINK_ReadMem (0x41006FD0, 0x0020 Bytes, ...) -- CPU is running -- CPU_ReadMem(32 bytes @ 0x41006FD0) - Data: 04 00 00 00 00 00 00 00 00 00 00 00 00 00 00 00 ...  returns 0x00 (0000ms, 0556ms total)
T0F50 1202:491 JLINK_ReadMemU32(0x41003008, 0x0001 Items, ...) -- CPU is running -- CPU_ReadMem(4 bytes @ 0x41003008) - Data: 00 00 00 00  returns 0x01 (0001ms, 0557ms total)
T0F50 1202:492 JLINK_ReadMem (0xE0001000, 0x0004 Bytes, ...) -- CPU is running -- CPU_ReadMem(4 bytes @ 0xE0001000) - Data: 00 00 00 20  returns 0x00 (0000ms, 0557ms total)
T0F50 1202:492 JLINK_ReadMem (0xE0001000, 0x0004 Bytes, ...) -- CPU is running -- CPU_ReadMem(4 bytes @ 0xE0001000) - Data: 00 00 00 20  returns 0x00 (0001ms, 0558ms total)
T0F50 1202:493 JLINK_ReadMem (0xE0001028, 0x0004 Bytes, ...) -- CPU is running -- CPU_ReadMem(4 bytes @ 0xE0001028) - Data: 00 00 00 00  returns 0x00 (0000ms, 0558ms total)
T0F50 1202:493 JLINK_WriteMem(0xE0001028, 0x0004 Bytes, ...) - Data: 00 01 00 00 -- CPU is running -- CPU_WriteMem(4 bytes @ 0xE0001028)  returns 0x04 (0000ms, 0558ms total)
T0F50 1202:493 JLINK_ReadMem (0xE0001028, 0x0004 Bytes, ...) -- CPU is running -- CPU_ReadMem(4 bytes @ 0xE0001028) - Data: 00 00 00 00  returns 0x00 (0001ms, 0559ms total)
T0F50 1202:494 JLINK_ReadMem (0xE0001038, 0x0004 Bytes, ...) -- CPU is running -- CPU_ReadMem(4 bytes @ 0xE0001038) - Data: 00 00 00 00  returns 0x00 (0000ms, 0559ms total)
T0F50 1202:494 JLINK_WriteMem(0xE0001038, 0x0004 Bytes, ...) - Data: 00 01 00 00 -- CPU is running -- CPU_WriteMem(4 bytes @ 0xE0001038)  returns 0x04 (0001ms, 0560ms total)
T0F50 1202:495 JLINK_ReadMem (0xE0001038, 0x0004 Bytes, ...) -- CPU is running -- CPU_ReadMem(4 bytes @ 0xE0001038) - Data: 00 00 00 00  returns 0x00 (0000ms, 0560ms total)
T0F50 1202:495 JLINK_ReadMem (0xE0001024, 0x0004 Bytes, ...) -- CPU is running -- CPU_ReadMem(4 bytes @ 0xE0001024) - Data: 1F 00 00 00  returns 0x00 (0001ms, 0561ms total)
T0F50 1202:496 JLINK_WriteMem(0xE0001024, 0x0004 Bytes, ...) - Data: 1F 00 00 00 -- CPU is running -- CPU_WriteMem(4 bytes @ 0xE0001024)  returns 0x04 (0000ms, 0561ms total)
T0F50 1202:496 JLINK_ReadMem (0xE0001024, 0x0004 Bytes, ...) -- CPU is running -- CPU_ReadMem(4 bytes @ 0xE0001024) - Data: 1F 00 00 00  returns 0x00 (0001ms, 0562ms total)
T0F50 1202:497 JLINK_ReadMem (0xE0001034, 0x0004 Bytes, ...) -- CPU is running -- CPU_ReadMem(4 bytes @ 0xE0001034) - Data: 1F 00 00 00  returns 0x00 (0000ms, 0562ms total)
T0F50 1202:497 JLINK_WriteMem(0xE0001034, 0x0004 Bytes, ...) - Data: 1F 00 00 00 -- CPU is running -- CPU_WriteMem(4 bytes @ 0xE0001034)  returns 0x04 (0000ms, 0562ms total)
T0F50 1202:497 JLINK_ReadMem (0xE0001034, 0x0004 Bytes, ...) -- CPU is running -- CPU_ReadMem(4 bytes @ 0xE0001034) - Data: 1F 00 00 00  returns 0x00 (0001ms, 0563ms total)
T0F50 1202:498 JLINK_ReadMem (0xE0001028, 0x0004 Bytes, ...) -- CPU is running -- CPU_ReadMem(4 bytes @ 0xE0001028) - Data: 00 00 00 00  returns 0x00 (0000ms, 0563ms total)
T0F50 1202:498 JLINK_ReadMem (0xE0001038, 0x0004 Bytes, ...) -- CPU is running -- CPU_ReadMem(4 bytes @ 0xE0001038) - Data: 00 00 00 00  returns 0x00 (0000ms, 0563ms total)
T0F50 1202:498 JLINK_WriteMem(0xE0001020, 0x0004 Bytes, ...) - Data: 00 00 00 00 -- CPU is running -- CPU_WriteMem(4 bytes @ 0xE0001020)  returns 0x04 (0001ms, 0564ms total)
T0F50 1202:499 JLINK_WriteMem(0xE0001024, 0x0004 Bytes, ...) - Data: 00 00 00 00 -- CPU is running -- CPU_WriteMem(4 bytes @ 0xE0001024)  returns 0x04 (0000ms, 0564ms total)
T0F50 1202:499 JLINK_WriteMem(0xE0001028, 0x0004 Bytes, ...) - Data: 00 00 00 00 -- CPU is running -- CPU_WriteMem(4 bytes @ 0xE0001028)  returns 0x04 (0001ms, 0565ms total)
T0F50 1202:500 JLINK_WriteMem(0xE0001030, 0x0004 Bytes, ...) - Data: 00 00 00 00 -- CPU is running -- CPU_WriteMem(4 bytes @ 0xE0001030)  returns 0x04 (0000ms, 0565ms total)
T0F50 1202:500 JLINK_WriteMem(0xE0001034, 0x0004 Bytes, ...) - Data: 00 00 00 00 -- CPU is running -- CPU_WriteMem(4 bytes @ 0xE0001034)  returns 0x04 (0000ms, 0565ms total)
T0F50 1202:500 JLINK_WriteMem(0xE0001038, 0x0004 Bytes, ...) - Data: 00 00 00 00 -- CPU is running -- CPU_WriteMem(4 bytes @ 0xE0001038)  returns 0x04 (0001ms, 0566ms total)
T0F50 1202:501 JLINK_Halt()  returns 0x00 (0002ms, 0568ms total)
T0F50 1202:506 JLINK_JTAG_GetDeviceID(DeviceIndex = 0)  returns 0x00 (0000ms, 0568ms total)
T0F50 1202:506 JLINK_ReadMemU32(0x41002018, 0x0001 Items, ...) -- CPU_ReadMem(4 bytes @ 0x41002018) - Data: 19 03 01 10  returns 0x01 (0000ms, 0568ms total)
T2F10 1202:516 JLINK_IsHalted()  returns TRUE (0000ms, 0568ms total)
T2F10 1202:516 JLINK_GetMOEs(...) -- CPU_ReadMem(4 bytes @ 0xE000ED30) -- CPU_WriteMem(4 bytes @ 0xE000ED30)  returns 0x01 (0001ms, 0569ms total)
T2F10 1202:517 JLINK_ReadReg(R15 (PC))  returns 0xFFFFFFFE (0000ms, 0569ms total)
T0F50 1202:517 JLINK_ResetPullsRESET(ON) (0000ms, 0569ms total)
T0F50 1202:517 JLINK_ResetNoHalt() >0x108 TIF>Found SWD-DP with ID 0x0BC11477 >0x0D TIF> >0x28 TIF> >0x0D TIF> >0x28 TIF> >0x0D TIF> >0x28 TIF> >0x0D TIF> >0x28 TIF> >0x0D TIF> >0x21 TIF> >0x0D TIF> >0x28 TIF> >0x0D TIF> >0x28 TIF> >0x0D TIF> >0x28 TIF> >0x0D TIF> >0x21 TIF> >0x0D TIF> >0x21 TIF> >0x108 TIF>Found SWD-DP with ID 0x0BC11477 >0x0D TIF> >0x28 TIF> >0x0D TIF> >0x28 TIF> >0x0D TIF> >0x28 TIF> >0x0D TIF> >0x28 TIF> >0x0D TIF> >0x21 TIF> >0x0D TIF> >0x28 TIF> >0x0D TIF> >0x28 TIF> >0x0D TIF>
 >0x21 TIF> >0x0D TIF> >0x21 TIF> >0x0D TIF> >0x21 TIF> >0x0D TIF> >0x28 TIF> >0x0D TIF> >0x28 TIF> >0x0D TIF> >0x28 TIF> >0x0D TIF> >0x21 TIF> >0x0D TIF> >0x21 TIF> >0x0D TIF> >0x28 TIF> >0x0D TIF> >0x21 TIF> >0x0D TIF> >0x21 TIF>Found Cortex-M0 r0p1, Little endian. -- CPU_ReadMem(4 bytes @ 0xE000EDF0) -- CPU_ReadMem(4 bytes @ 0xE0002000)FPUnit: 4 code (BP) slots and 0 literal slots -- CPU_ReadMem(4 bytes @ 0xE000EDFC) -- CPU_ReadMem(4 bytes @ 0xE0001000)CoreSight components:ROMTbl 0 @ 41003000
 -- CPU_ReadMem(16 bytes @ 0x41003000) -- CPU_ReadMem(16 bytes @ 0xE00FFFF0) -- CPU_ReadMem(16 bytes @ 0xE00FFFE0)ROMTbl 0 [0]: 9F0FC000, CID: B105100D, PID: 000BB4C0 ROM TableROMTbl 1 @ E00FF000 -- CPU_ReadMem(16 bytes @ 0xE00FF000) -- CPU_ReadMem(16 bytes @ 0xE000EFF0) -- CPU_ReadMem(16 bytes @ 0xE000EFE0)ROMTbl 1 [0]: FFF0F000, CID: B105E00D, PID: 000BB008 SCS -- CPU_WriteMem(4 bytes @ 0xE0001000) -- CPU_ReadMem(16 bytes @ 0xE0001FF0) -- CPU_ReadMem(16 bytes @ 0xE0001FE0)
ROMTbl 1 [1]: FFF02000, CID: B105E00D, PID: 000BB00A DWT -- CPU_ReadMem(16 bytes @ 0xE0002FF0) -- CPU_ReadMem(16 bytes @ 0xE0002FE0)ROMTbl 1 [2]: FFF03000, CID: B105E00D, PID: 000BB00B FPB -- CPU_ReadMem(16 bytes @ 0x41006FF0) -- CPU_ReadMem(16 bytes @ 0x41006FE0)ROMTbl 0 [1]: 00003000, CID: B105900D, PID: 001BB932 MTB-M0+
                JLINK_Reset() -- CPU_ReadMem(4 bytes @ 0xE000EDFC) -- CPU_WriteMem(4 bytes @ 0xE000EDFC) -- CPU_WriteMem(4 bytes @ 0xE000ED0C) -- CPU is running -- CPU_ReadMem(4 bytes @ 0xE000EDF0) -- CPU is running -- CPU_ReadMem(4 bytes @ 0x41002100) -- CPU is running -- CPU_WriteMem(4 bytes @ 0x41002100) -- CPU is running -- CPU_ReadMem(4 bytes @ 0x41002100) -- CPU is running -- CPU_WriteMem(4 bytes @ 0xE000EDFC) -- CPU_WriteMem(4 bytes @ 0xE0002000) -- CPU_ReadMem(4 bytes @ 0xE000EDFC)
 -- CPU_ReadMem(4 bytes @ 0xE0001000) -- CPU_WriteMem(4 bytes @ 0xE0001000) (0008ms, 0008ms total)
                JLINK_Go() -- CPU_ReadMem(4 bytes @ 0xE0001000) -- CPU_WriteMem(4 bytes @ 0xE0001000) -- CPU_WriteMem(4 bytes @ 0xE0001004) (0001ms, 0009ms total)
               (0031ms, 0600ms total)
T0F50 1202:553 JLINK_GetHWStatus(...)  returns 0x00 (0000ms, 0600ms total)
T00E8 1203:174 JLINK_EMU_GetList(InterfaceMask = 0x00000001, MaxInfos = 0x00000032) [0]: USB, S/N: 28016886  returns 0x01 (0000ms, 0600ms total)
T00E8 1204:488 JLINK_EMU_GetList(InterfaceMask = 0x00000001, MaxInfos = 0x00000032) [0]: USB, S/N: 28016886  returns 0x01 (0000ms, 0600ms total)
T00E8 1205:800 JLINK_EMU_GetList(InterfaceMask = 0x00000001, MaxInfos = 0x00000032) [0]: USB, S/N: 28016886  returns 0x01 (0001ms, 0601ms total)
T00E8 1207:114 JLINK_EMU_GetList(InterfaceMask = 0x00000001, MaxInfos = 0x00000032) [0]: USB, S/N: 28016886  returns 0x01 (0000ms, 0601ms total)
T0F50 1208:028 JLINK_Close() >0x42 TIF> >0x28 TIF> >0x0D TIF> >0x21 TIF> (0003ms, 0604ms total)
T0F50 1208:028  (0003ms, 0604ms total)
T0F50 1208:028 Closed (0003ms, 0604ms total)
