\BOOKMARK [0][-]{section*.1}{Contents}{}% 1
\BOOKMARK [0][-]{chapter.1}{Introduction}{}% 2
\BOOKMARK [0][-]{chapter.2}{Related Work}{}% 3
\BOOKMARK [1][-]{section.2.1}{Standard WSN Protocols}{chapter.2}% 4
\BOOKMARK [0][-]{chapter.3}{Sparrow R}{}% 5
\BOOKMARK [1][-]{subsection.3.0.1}{Hardware}{chapter.3}% 6
\BOOKMARK [2][-]{subsection.3.0.2}{Performance}{subsection.3.0.1}% 7
\BOOKMARK [2][-]{subsection.3.0.3}{Software}{subsection.3.0.1}% 8
\BOOKMARK [2][-]{subsection.3.0.4}{Power Consumption}{subsection.3.0.1}% 9
\BOOKMARK [2][-]{subsection.3.0.5}{Software}{subsection.3.0.1}% 10
\BOOKMARK [0][-]{chapter.4}{Hardware Platform}{}% 11
\BOOKMARK [1][-]{section.4.1}{The Parrot AR.Drone 2.0}{chapter.4}% 12
\BOOKMARK [1][-]{section.4.2}{The Sparrow family}{chapter.4}% 13
\BOOKMARK [2][-]{subsection.4.2.1}{The SparrowDongle}{section.4.2}% 14
\BOOKMARK [2][-]{subsection.4.2.2}{The SparrowV3.2}{section.4.2}% 15
\BOOKMARK [0][-]{chapter.5}{Software Implementation}{}% 16
\BOOKMARK [1][-]{section.5.1}{Drone modules}{chapter.5}% 17
\BOOKMARK [2][-]{subsection.5.1.1}{The USB Module}{section.5.1}% 18
\BOOKMARK [2][-]{subsection.5.1.2}{The Debug Module}{section.5.1}% 19
\BOOKMARK [2][-]{subsection.5.1.3}{The Data Collecting Module}{section.5.1}% 20
\BOOKMARK [2][-]{subsection.5.1.4}{Modules intercommunication}{section.5.1}% 21
\BOOKMARK [2][-]{subsection.5.1.5}{Fault tolerance}{section.5.1}% 22
\BOOKMARK [2][-]{subsection.5.1.6}{The Communication Module}{section.5.1}% 23
\BOOKMARK [2][-]{subsection.5.1.7}{Socket with connection reset}{section.5.1}% 24
\BOOKMARK [2][-]{subsection.5.1.8}{JSON Encoding of Data}{section.5.1}% 25
\BOOKMARK [1][-]{section.5.2}{SparrowV3.2 module}{chapter.5}% 26
\BOOKMARK [1][-]{section.5.3}{Android application modules}{chapter.5}% 27
\BOOKMARK [2][-]{subsection.5.3.1}{Display information module}{section.5.3}% 28
\BOOKMARK [2][-]{subsection.5.3.2}{FTP communication module}{section.5.3}% 29
\BOOKMARK [0][-]{chapter.6}{Evaluation}{}% 30
\BOOKMARK [1][-]{section.6.1}{Scenario description}{chapter.6}% 31
\BOOKMARK [1][-]{section.6.2}{Results}{chapter.6}% 32
\BOOKMARK [2][-]{subsection.6.2.1}{Packet loss}{section.6.2}% 33
\BOOKMARK [2][-]{subsection.6.2.2}{Signal range}{section.6.2}% 34
\BOOKMARK [2][-]{subsection.6.2.3}{Drone stability}{section.6.2}% 35
\BOOKMARK [2][-]{subsection.6.2.4}{Maximum height and maneuverability}{section.6.2}% 36
\BOOKMARK [2][-]{subsection.6.2.5}{Problems}{section.6.2}% 37
\BOOKMARK [0][-]{chapter.7}{Conclusions}{}% 38
\BOOKMARK [1][-]{section.7.1}{Future Work}{chapter.7}% 39
\BOOKMARK [0][-]{section*.5}{Bibliography}{}% 40
\BOOKMARK [0][-]{section*.6}{List of Figures}{}% 41
\BOOKMARK [0][-]{section*.7}{Listings}{}% 42
